2021-05-14 16:45:15.357  INFO 23267 --- [main] c.t.c.controllers.TaskControllerTest     : Starting TaskControllerTest using Java 1.8.0_292 on studentbookvt with PID 23267 (started by vlad in /home/vlad/eclipse-workspace/calendar)
2021-05-14 16:45:15.366  INFO 23267 --- [main] c.t.c.controllers.TaskControllerTest     : No active profile set, falling back to default profiles: default
2021-05-14 16:45:17.873  INFO 23267 --- [main] .s.d.r.c.RepositoryConfigurationDelegate : Bootstrapping Spring Data JPA repositories in DEFAULT mode.
2021-05-14 16:45:18.295  INFO 23267 --- [main] .s.d.r.c.RepositoryConfigurationDelegate : Finished Spring Data repository scanning in 351 ms. Found 2 JPA repository interfaces.
2021-05-14 16:45:22.328  INFO 23267 --- [main] o.f.c.internal.license.VersionPrinter    : Flyway Community Edition 7.1.1 by Redgate
2021-05-14 16:45:22.348  INFO 23267 --- [main] com.zaxxer.hikari.HikariDataSource       : HikariPool-1 - Starting...
2021-05-14 16:45:23.136  INFO 23267 --- [main] com.zaxxer.hikari.HikariDataSource       : HikariPool-1 - Start completed.
2021-05-14 16:45:23.280  INFO 23267 --- [main] o.f.c.i.database.base.DatabaseType       : Database: jdbc:h2:mem:file:~/dasboot (H2 1.4)
2021-05-14 16:45:23.599  INFO 23267 --- [main] o.f.core.internal.command.DbValidate     : Successfully validated 2 migrations (execution time 00:00.110s)
2021-05-14 16:45:23.676  INFO 23267 --- [main] o.f.c.i.s.JdbcTableSchemaHistory         : Creating Schema History table "PUBLIC"."flyway_schema_history" ...
2021-05-14 16:45:23.894  INFO 23267 --- [main] o.f.core.internal.command.DbMigrate      : Current version of schema "PUBLIC": << Empty Schema >>
2021-05-14 16:45:23.904  INFO 23267 --- [main] o.f.core.internal.command.DbMigrate      : Migrating schema "PUBLIC" to version "1.0 - Schema"
2021-05-14 16:45:24.069  INFO 23267 --- [main] o.f.core.internal.command.DbMigrate      : Migrating schema "PUBLIC" to version "1.1 - Data"
2021-05-14 16:45:24.156  INFO 23267 --- [main] o.f.core.internal.command.DbMigrate      : Successfully applied 2 migrations to schema "PUBLIC" (execution time 00:00.307s)
2021-05-14 16:45:24.659  INFO 23267 --- [main] o.hibernate.jpa.internal.util.LogHelper  : HHH000204: Processing PersistenceUnitInfo [name: default]
2021-05-14 16:45:24.844  INFO 23267 --- [main] org.hibernate.Version                    : HHH000412: Hibernate ORM core version 5.4.30.Final
2021-05-14 16:45:25.037  INFO 23267 --- [main] o.hibernate.annotations.common.Version   : HCANN000001: Hibernate Commons Annotations {5.1.2.Final}
2021-05-14 16:45:25.500  INFO 23267 --- [main] org.hibernate.dialect.Dialect            : HHH000400: Using dialect: org.hibernate.dialect.H2Dialect
2021-05-14 16:45:27.120  INFO 23267 --- [main] o.h.e.t.j.p.i.JtaPlatformInitiator       : HHH000490: Using JtaPlatform implementation: [org.hibernate.engine.transaction.jta.platform.internal.NoJtaPlatform]
2021-05-14 16:45:27.150  INFO 23267 --- [main] j.LocalContainerEntityManagerFactoryBean : Initialized JPA EntityManagerFactory for persistence unit 'default'
2021-05-14 16:45:28.042  WARN 23267 --- [main] JpaBaseConfiguration$JpaWebConfiguration : spring.jpa.open-in-view is enabled by default. Therefore, database queries may be performed during view rendering. Explicitly configure spring.jpa.open-in-view to disable this warning
2021-05-14 16:45:28.772  INFO 23267 --- [main] o.s.s.concurrent.ThreadPoolTaskExecutor  : Initializing ExecutorService 'applicationTaskExecutor'
2021-05-14 16:45:32.075  INFO 23267 --- [main] c.t.c.controllers.TaskControllerTest     : Started TaskControllerTest in 17.937 seconds (JVM running for 22.056)
2021-05-14 16:45:32.584  INFO 23267 --- [main] o.s.b.t.m.w.SpringBootMockServletContext : Initializing Spring TestDispatcherServlet ''
2021-05-14 16:45:32.597  INFO 23267 --- [main] o.s.t.web.servlet.TestDispatcherServlet  : Initializing Servlet ''
2021-05-14 16:45:32.600  INFO 23267 --- [main] o.s.t.web.servlet.TestDispatcherServlet  : Completed initialization in 1 ms
2021-05-14 16:45:34.115  INFO 23267 --- [main] o.s.b.t.m.w.SpringBootMockServletContext : Initializing Spring TestDispatcherServlet ''
2021-05-14 16:45:34.115  INFO 23267 --- [main] o.s.t.web.servlet.TestDispatcherServlet  : Initializing Servlet ''
2021-05-14 16:45:34.117  INFO 23267 --- [main] o.s.t.web.servlet.TestDispatcherServlet  : Completed initialization in 1 ms
2021-05-14 16:45:34.163  INFO 23267 --- [main] o.s.b.t.m.w.SpringBootMockServletContext : Initializing Spring TestDispatcherServlet ''
2021-05-14 16:45:34.163  INFO 23267 --- [main] o.s.t.web.servlet.TestDispatcherServlet  : Initializing Servlet ''
2021-05-14 16:45:34.165  INFO 23267 --- [main] o.s.t.web.servlet.TestDispatcherServlet  : Completed initialization in 1 ms
2021-05-14 16:45:34.266  INFO 23267 --- [main] o.s.b.t.m.w.SpringBootMockServletContext : Initializing Spring TestDispatcherServlet ''
2021-05-14 16:45:34.267  INFO 23267 --- [main] o.s.t.web.servlet.TestDispatcherServlet  : Initializing Servlet ''
2021-05-14 16:45:34.270  INFO 23267 --- [main] o.s.t.web.servlet.TestDispatcherServlet  : Completed initialization in 2 ms
2021-05-14 16:45:34.357  INFO 23267 --- [SpringContextShutdownHook] o.s.s.concurrent.ThreadPoolTaskExecutor  : Shutting down ExecutorService 'applicationTaskExecutor'
2021-05-14 16:45:34.362  INFO 23267 --- [SpringContextShutdownHook] j.LocalContainerEntityManagerFactoryBean : Closing JPA EntityManagerFactory for persistence unit 'default'
2021-05-14 16:45:34.369  INFO 23267 --- [SpringContextShutdownHook] com.zaxxer.hikari.HikariDataSource       : HikariPool-1 - Shutdown initiated...
2021-05-14 16:45:34.381  INFO 23267 --- [SpringContextShutdownHook] com.zaxxer.hikari.HikariDataSource       : HikariPool-1 - Shutdown completed.
2021-05-14 16:46:05.342  INFO 23399 --- [restartedMain] com.test.CalendarApplication             : Starting CalendarApplication using Java 1.8.0_292 on studentbookvt with PID 23399 (/home/vlad/eclipse-workspace/calendar/target/classes started by vlad in /home/vlad/eclipse-workspace/calendar)
2021-05-14 16:46:05.348  INFO 23399 --- [restartedMain] com.test.CalendarApplication             : No active profile set, falling back to default profiles: default
2021-05-14 16:46:05.494  INFO 23399 --- [restartedMain] .e.DevToolsPropertyDefaultsPostProcessor : Devtools property defaults active! Set 'spring.devtools.add-properties' to 'false' to disable
2021-05-14 16:46:05.496  INFO 23399 --- [restartedMain] .e.DevToolsPropertyDefaultsPostProcessor : For additional web related logging consider setting the 'logging.level.web' property to 'DEBUG'
2021-05-14 16:46:07.645  INFO 23399 --- [restartedMain] .s.d.r.c.RepositoryConfigurationDelegate : Bootstrapping Spring Data JPA repositories in DEFAULT mode.
2021-05-14 16:46:08.068  INFO 23399 --- [restartedMain] .s.d.r.c.RepositoryConfigurationDelegate : Finished Spring Data repository scanning in 159 ms. Found 2 JPA repository interfaces.
2021-05-14 16:46:09.537  INFO 23399 --- [restartedMain] o.s.b.w.embedded.tomcat.TomcatWebServer  : Tomcat initialized with port(s): 8081 (http)
2021-05-14 16:46:09.556  INFO 23399 --- [restartedMain] o.apache.catalina.core.StandardService   : Starting service [Tomcat]
2021-05-14 16:46:09.556  INFO 23399 --- [restartedMain] org.apache.catalina.core.StandardEngine  : Starting Servlet engine: [Apache Tomcat/9.0.45]
2021-05-14 16:46:09.690  INFO 23399 --- [restartedMain] o.a.c.c.C.[Tomcat].[localhost].[/]       : Initializing Spring embedded WebApplicationContext
2021-05-14 16:46:09.693  INFO 23399 --- [restartedMain] w.s.c.ServletWebServerApplicationContext : Root WebApplicationContext: initialization completed in 4192 ms
2021-05-14 16:46:09.976  INFO 23399 --- [restartedMain] o.f.c.internal.license.VersionPrinter    : Flyway Community Edition 7.1.1 by Redgate
2021-05-14 16:46:09.987  INFO 23399 --- [restartedMain] com.zaxxer.hikari.HikariDataSource       : HikariPool-1 - Starting...
2021-05-14 16:46:10.204  INFO 23399 --- [restartedMain] com.zaxxer.hikari.HikariDataSource       : HikariPool-1 - Start completed.
2021-05-14 16:46:10.236  INFO 23399 --- [restartedMain] o.f.c.i.database.base.DatabaseType       : Database: jdbc:h2:mem:file:~/dasboot (H2 1.4)
2021-05-14 16:46:10.399  INFO 23399 --- [restartedMain] o.f.core.internal.command.DbValidate     : Successfully validated 2 migrations (execution time 00:00.064s)
2021-05-14 16:46:10.426  INFO 23399 --- [restartedMain] o.f.c.i.s.JdbcTableSchemaHistory         : Creating Schema History table "PUBLIC"."flyway_schema_history" ...
2021-05-14 16:46:10.534  INFO 23399 --- [restartedMain] o.f.core.internal.command.DbMigrate      : Current version of schema "PUBLIC": << Empty Schema >>
2021-05-14 16:46:10.542  INFO 23399 --- [restartedMain] o.f.core.internal.command.DbMigrate      : Migrating schema "PUBLIC" to version "1.0 - Schema"
2021-05-14 16:46:10.608  INFO 23399 --- [restartedMain] o.f.core.internal.command.DbMigrate      : Migrating schema "PUBLIC" to version "1.1 - Data"
2021-05-14 16:46:10.655  INFO 23399 --- [restartedMain] o.f.core.internal.command.DbMigrate      : Successfully applied 2 migrations to schema "PUBLIC" (execution time 00:00.140s)
2021-05-14 16:46:11.049  INFO 23399 --- [restartedMain] o.hibernate.jpa.internal.util.LogHelper  : HHH000204: Processing PersistenceUnitInfo [name: default]
2021-05-14 16:46:11.133  INFO 23399 --- [restartedMain] org.hibernate.Version                    : HHH000412: Hibernate ORM core version 5.4.30.Final
2021-05-14 16:46:11.351  INFO 23399 --- [restartedMain] o.hibernate.annotations.common.Version   : HCANN000001: Hibernate Commons Annotations {5.1.2.Final}
2021-05-14 16:46:11.567  INFO 23399 --- [restartedMain] org.hibernate.dialect.Dialect            : HHH000400: Using dialect: org.hibernate.dialect.H2Dialect
2021-05-14 16:46:12.722  INFO 23399 --- [restartedMain] o.h.e.t.j.p.i.JtaPlatformInitiator       : HHH000490: Using JtaPlatform implementation: [org.hibernate.engine.transaction.jta.platform.internal.NoJtaPlatform]
2021-05-14 16:46:12.743  INFO 23399 --- [restartedMain] j.LocalContainerEntityManagerFactoryBean : Initialized JPA EntityManagerFactory for persistence unit 'default'
2021-05-14 16:46:13.659  WARN 23399 --- [restartedMain] JpaBaseConfiguration$JpaWebConfiguration : spring.jpa.open-in-view is enabled by default. Therefore, database queries may be performed during view rendering. Explicitly configure spring.jpa.open-in-view to disable this warning
2021-05-14 16:46:13.975  INFO 23399 --- [restartedMain] o.s.s.concurrent.ThreadPoolTaskExecutor  : Initializing ExecutorService 'applicationTaskExecutor'
2021-05-14 16:46:14.594  INFO 23399 --- [restartedMain] o.s.b.d.a.OptionalLiveReloadServer       : LiveReload server is running on port 35729
2021-05-14 16:46:14.691  INFO 23399 --- [restartedMain] o.s.b.w.embedded.tomcat.TomcatWebServer  : Tomcat started on port(s): 8081 (http) with context path ''
2021-05-14 16:46:14.716  INFO 23399 --- [restartedMain] com.test.CalendarApplication             : Started CalendarApplication in 10.341 seconds (JVM running for 11.944)
2021-05-14 16:46:14.726  INFO 23399 --- [restartedMain] com.test.CalendarApplication             : Application Start
2021-05-14 16:46:19.136  INFO 23399 --- [http-nio-8081-exec-1] o.a.c.c.C.[Tomcat].[localhost].[/]       : Initializing Spring DispatcherServlet 'dispatcherServlet'
2021-05-14 16:46:19.137  INFO 23399 --- [http-nio-8081-exec-1] o.s.web.servlet.DispatcherServlet        : Initializing Servlet 'dispatcherServlet'
2021-05-14 16:46:19.141  INFO 23399 --- [http-nio-8081-exec-1] o.s.web.servlet.DispatcherServlet        : Completed initialization in 4 ms
2021-05-14 16:46:41.175  INFO 23399 --- [http-nio-8081-exec-2] com.test.calendar.services.DateService   : Day with id=1 was founded
